<?xml version="1.0" encoding="UTF-8"?>
<!-- Generated by org.testng.reporters.JUnitReportReporter -->
<testsuite hostname="pravallika" failures="0" tests="2" name="day2.Different_ways_to_create_request" time="3.741" errors="0" timestamp="2024-03-20T16:47:30 IST" skipped="0">
  <testcase classname="day2.Different_ways_to_create_request" name="using_json_external_file" time="1.644"/>
  <system-out/>
  <testcase classname="day2.Different_ways_to_create_request" name="testdatadelete" time="2.097"/>
  <system-out/>
</testsuite> <!-- day2.Different_ways_to_create_request -->
