<?xml version="1.0" encoding="UTF-8"?>
<!-- Generated by org.testng.reporters.JUnitReportReporter -->
<testsuite hostname="pravallika" failures="0" tests="1" name="day8.CreateUser" time="3.545" errors="0" timestamp="2024-03-25T11:23:58 IST" skipped="0">
  <testcase classname="day8.CreateUser" name="test_createuser" time="3.545"/>
  <system-out/>
</testsuite> <!-- day8.CreateUser -->
