<?xml version="1.0" encoding="UTF-8"?>
<!-- Generated by org.testng.reporters.JUnitReportReporter -->
<testsuite hostname="pravallika" failures="0" tests="2" name="day3.Path_Query_parameter" time="1.774" errors="0" timestamp="2024-03-12T19:25:29 IST" skipped="0">
  <testcase classname="day3.Path_Query_parameter" name="testpathqueryprams" time="0.139"/>
  <system-out/>
  <testcase classname="day3.Path_Query_parameter" name="testpathqueryparams2" time="1.635"/>
  <system-out/>
</testsuite> <!-- day3.Path_Query_parameter -->
