<?xml version="1.0" encoding="UTF-8"?>
<!-- Generated by org.testng.reporters.JUnitReportReporter -->
<testsuite hostname="pravallika" failures="0" tests="1" name="day3.Headers" time="1.379" errors="0" timestamp="2024-03-13T12:13:40 IST" skipped="0">
  <testcase classname="day3.Headers" name="getmultipleheader" time="1.379"/>
  <system-out/>
</testsuite> <!-- day3.Headers -->
