<?xml version="1.0" encoding="UTF-8"?>
<!-- Generated by org.testng.reporters.JUnitReportReporter -->
<testsuite hostname="pravallika" failures="0" tests="1" name="day8.UpdateUser" time="1.112" errors="0" timestamp="2024-03-25T11:23:58 IST" skipped="0">
  <testcase classname="day8.UpdateUser" name="test_updateuser" time="1.112"/>
  <system-out/>
</testsuite> <!-- day8.UpdateUser -->
