<?xml version="1.0" encoding="UTF-8"?>
<!-- Generated by org.testng.reporters.JUnitReportReporter -->
<testsuite hostname="pravallika" failures="0" tests="1" name="day7.Authorizations" time="3.635" errors="0" timestamp="2024-03-22T15:14:50 IST" skipped="0">
  <testcase classname="day7.Authorizations" name="testbearertokenauthentication" time="3.635"/>
  <system-out/>
</testsuite> <!-- day7.Authorizations -->
