<?xml version="1.0" encoding="UTF-8"?>
<!-- Generated by org.testng.reporters.JUnitReportReporter -->
<testsuite hostname="pravallika" failures="0" tests="1" name="day6.Serialization_Deserialization" time="0.180" errors="0" timestamp="2024-03-22T11:50:52 IST" skipped="0">
  <testcase classname="day6.Serialization_Deserialization" name="deserialization_json_to_pojo" time="0.180"/>
  <system-out/>
</testsuite> <!-- day6.Serialization_Deserialization -->
