<?xml version="1.0" encoding="UTF-8"?>
<!-- Generated by org.testng.reporters.JUnitReportReporter -->
<testsuite hostname="pravallika" failures="0" tests="1" name="day3.Cookies" time="1.335" errors="0" timestamp="2024-03-13T11:36:44 IST" skipped="0">
  <testcase classname="day3.Cookies" name="getallcookies" time="1.335"/>
  <system-out/>
</testsuite> <!-- day3.Cookies -->
