<?xml version="1.0" encoding="UTF-8"?>
<!-- Generated by org.testng.reporters.JUnitReportReporter -->
<testsuite hostname="pravallika" failures="0" tests="1" name="day6.XML_Schema_validation" time="1.573" errors="0" timestamp="2024-03-22T11:36:41 IST" skipped="0">
  <testcase classname="day6.XML_Schema_validation" name="xmlvalidation" time="1.573"/>
  <system-out/>
</testsuite> <!-- day6.XML_Schema_validation -->
