<?xml version="1.0" encoding="UTF-8"?>
<!-- Generated by org.testng.reporters.JUnitReportReporter -->
<testsuite hostname="pravallika" failures="0" tests="3" name="day1.HTTP_Requests" time="3.965" errors="0" timestamp="2024-03-12T15:32:29 IST" skipped="0">
  <testcase classname="day1.HTTP_Requests" name="getUser" time="2.495"/>
  <system-out/>
  <testcase classname="day1.HTTP_Requests" name="createuser" time="0.940"/>
  <system-out/>
  <testcase classname="day1.HTTP_Requests" name="update" time="0.530"/>
  <system-out/>
</testsuite> <!-- day1.HTTP_Requests -->
