<?xml version="1.0" encoding="UTF-8"?>
<!-- Generated by org.testng.reporters.JUnitReportReporter -->
<testsuite hostname="pravallika" failures="0" tests="1" name="day8.DeleteUser" time="1.153" errors="0" timestamp="2024-03-25T11:23:58 IST" skipped="0">
  <testcase classname="day8.DeleteUser" name="test_deleteuser" time="1.153"/>
  <system-out/>
</testsuite> <!-- day8.DeleteUser -->
