<?xml version="1.0" encoding="UTF-8"?>
<!-- Generated by org.testng.reporters.JUnitReportReporter -->
<testsuite hostname="pravallika" failures="1" tests="1" name="day6.Schema_Validation" time="2.716" errors="0" timestamp="2024-03-22T11:14:40 IST" skipped="0">
  <testcase classname="day6.Schema_Validation" name="jsonschemavalidation" time="2.716">
    <failure message="1 expectation failed.
Response body doesn&#039;t match expectation.
Expected: The content to match the given JSON schema.
error: instance type (string) does not match any allowed primitive type (allowed: [&quot;integer&quot;])
    level: &quot;error&quot;
    schema: {&quot;loadingURI&quot;:&quot;file:/D:/RestAPI/target/test-classes/product.json#&quot;,&quot;pointer&quot;:&quot;/properties/products/items/29/properties/images/items/3&quot;}
    instance: {&quot;pointer&quot;:&quot;/products/29/images/3&quot;}
    domain: &quot;validation&quot;
    keyword: &quot;type&quot;
    found: &quot;string&quot;
    expected: [&quot;integer&quot;]

  Actual: {&quot;products&quot;:[{&quot;id&quot;:1,&quot;title&quot;:&quot;iPhone 9&quot;,&quot;description&quot;:&quot;An apple mobile which is nothing like apple&quot;,&quot;price&quot;:549,&quot;discountPercentage&quot;:12.96,&quot;rating&quot;:4.69,&quot;stock&quot;:94,&quot;brand&quot;:&quot;Apple&quot;,&quot;category&quot;:&quot;smartphones&quot;,&quot;thumbnail&quot;:&quot;https://cdn.dummyjson.com/product-images/1/thumbnail.jpg&quot;,&quot;images&quot;:[&quot;https://cdn.dummyjson.com/product-images/1/1.jpg&quot;,&quot;https://cdn.dummyjson.com/product-images/1/2.jpg&quot;,&quot;https://cdn.dummyjson.com/product-images/1/3.jpg&quot;,&quot;https://cdn.dummyjson.com/product-images/1/4.jpg&quot;,&quot;https://cdn.dummyjson.com/product-images/1/thumbnail.jpg&quot;]},{&quot;id&quot;:2,&quot;title&quot;:&quot;iPhone X&quot;,&quot;description&quot;:&quot;SIM-Free, Model A19211 6.5-inch Super Retina HD display with OLED technology A12 Bionic chip with ...&quot;,&quot;price&quot;:899,&quot;discountPercentage&quot;:17.94,&quot;rating&quot;:4.44,&quot;stock&quot;:34,&quot;brand&quot;:&quot;Apple&quot;,&quot;category&quot;:&quot;smartphones&quot;,&quot;thumbnail&quot;:&quot;https://cdn.dummyjson.com/product-images/2/thumbnail.jpg&quot;,&quot;images&quot;:[&quot;https://cdn.dummyjson.com/product-images/2/1.jpg&quot;,&quot;https://cdn.dummyjson.com/product-images/2/2.jpg&quot;,&quot;https://cdn.dummyjson.com/product-images/2/3.jpg&quot;,&quot;https://cdn.dummyjson.com/product-images/2/thumbnail.jpg&quot;]},{&quot;id&quot;:3,&quot;title&quot;:&quot;Samsung Universe 9&quot;,&quot;description&quot;:&quot;Samsung&#039;s new variant which goes beyond Galaxy to the Universe&quot;,&quot;price&quot;:1249,&quot;discountPercentage&quot;:15.46,&quot;rating&quot;:4.09,&quot;stock&quot;:36,&quot;brand&quot;:&quot;Samsung&quot;,&quot;category&quot;:&quot;smartphones&quot;,&quot;thumbnail&quot;:&quot;https://cdn.dummyjson.com/product-images/3/thumbnail.jpg&quot;,&quot;images&quot;:[&quot;https://cdn.dummyjson.com/product-images/3/1.jpg&quot;]},{&quot;id&quot;:4,&quot;title&quot;:&quot;OPPOF19&quot;,&quot;description&quot;:&quot;OPPO F19 is officially announced on April 2021.&quot;,&quot;price&quot;:280,&quot;discountPercentage&quot;:17.91,&quot;rating&quot;:4.3,&quot;stock&quot;:123,&quot;brand&quot;:&quot;OPPO&quot;,&quot;category&quot;:&quot;smartphones&quot;,&quot;thumbnail&quot;:&quot;https://cdn.dummyjson.com/product-images/4/thumbnail.jpg&quot;,&quot;images&quot;:[&quot;https://cdn.dummyjson.com/product-images/4/1.jpg&quot;,&quot;https://cdn.dummyjson.com/product-images/4/2.jpg&quot;,&quot;https://cdn.dummyjson.com/product-images/4/3.jpg&quot;,&quot;https://cdn.dummyjson.com/product-images/4/4.jpg&quot;,&quot;https://cdn.dummyjson.com/product-images/4/thumbnail.jpg&quot;]},{&quot;id&quot;:5,&quot;title&quot;:&quot;Huawei P30&quot;,&quot;description&quot;:&quot;Huawei’s re-badged P30 Pro New Edition was officially unveiled yesterday in Germany and now the device has made its way to the UK.&quot;,&quot;price&quot;:499,&quot;discountPercentage&quot;:10.58,&quot;rating&quot;:4.09,&quot;stock&quot;:32,&quot;brand&quot;:&quot;Huawei&quot;,&quot;category&quot;:&quot;smartphones&quot;,&quot;thumbnail&quot;:&quot;https://cdn.dummyjson.com/product-images/5/thumbnail.jpg&quot;,&quot;images&quot;:[&quot;https://cdn.dummyjson.com/product-images/5/1.jpg&quot;,&quot;https://cdn.dummyjson.com/product-images/5/2.jpg&quot;,&quot;https://cdn.dummyjson.com/product-images/5/3.jpg&quot;]},{&quot;id&quot;:6,&quot;title&quot;:&quot;MacBook Pro&quot;,&quot;description&quot;:&quot;MacBook Pro 2021 with mini-LED display may launch between September, November&quot;,&quot;price&quot;:1749,&quot;discountPercentage&quot;:11.02,&quot;rating&quot;:4.57,&quot;stock&quot;:83,&quot;brand&quot;:&quot;Apple&quot;,&quot;category&quot;:&quot;laptops&quot;,&quot;thumbnail&quot;:&quot;https://cdn.dummyjson.com/product-images/6/thumbnail.png&quot;,&quot;images&quot;:[&quot;https://cdn.dummyjson.com/product-images/6/1.png&quot;,&quot;https://cdn.dummyjson.com/product-images/6/2.jpg&quot;,&quot;https://cdn.dummyjson.com/product-images/6/3.png&quot;,&quot;https://cdn.dummyjson.com/product-images/6/4.jpg&quot;]},{&quot;id&quot;:7,&quot;title&quot;:&quot;Samsung Galaxy Book&quot;,&quot;description&quot;:&quot;Samsung Galaxy Book S (2020) Laptop With Intel Lakefield Chip, 8GB of RAM Launched&quot;,&quot;price&quot;:1499,&quot;discountPercentage&quot;:4.15,&quot;rating&quot;:4.25,&quot;stock&quot;:50,&quot;brand&quot;:&quot;Samsung&quot;,&quot;category&quot;:&quot;laptops&quot;,&quot;thumbnail&quot;:&quot;https://cdn.dummyjson.com/product-images/7/thumbnail.jpg&quot;,&quot;images&quot;:[&quot;https://cdn.dummyjson.com/product-images/7/1.jpg&quot;,&quot;https://cdn.dummyjson.com/product-images/7/2.jpg&quot;,&quot;https://cdn.dummyjson.com/product-images/7/3.jpg&quot;,&quot;https://cdn.dummyjson.com/product-images/7/thumbnail.jpg&quot;]},{&quot;id&quot;:8,&quot;title&quot;:&quot;Microsoft Surface Laptop 4&quot;,&quot;description&quot;:&quot;Style and speed. Stand out on HD video calls backed by Studio Mics. Capture ideas on the vibrant touchscreen.&quot;,&quot;price&quot;:1499,&quot;discountPercentage&quot;:10.23,&quot;rating&quot;:4.43,&quot;stock&quot;:68,&quot;brand&quot;:&quot;Microsoft Surface&quot;,&quot;category&quot;:&quot;laptops&quot;,&quot;thumbnail&quot;:&quot;https://cdn.dummyjson.com/product-images/8/thumbnail.jpg&quot;,&quot;images&quot;:[&quot;https://cdn.dummyjson.com/product-images/8/1.jpg&quot;,&quot;https://cdn.dummyjson.com/product-images/8/2.jpg&quot;,&quot;https://cdn.dummyjson.com/product-images/8/3.jpg&quot;,&quot;https://cdn.dummyjson.com/product-images/8/4.jpg&quot;,&quot;https://cdn.dummyjson.com/product-images/8/thumbnail.jpg&quot;]},{&quot;id&quot;:9,&quot;title&quot;:&quot;Infinix INBOOK&quot;,&quot;description&quot;:&quot;Infinix Inbook X1 Ci3 10th 8GB 256GB 14 Win10 Grey – 1 Year Warranty&quot;,&quot;price&quot;:1099,&quot;discountPercentage&quot;:11.83,&quot;rating&quot;:4.54,&quot;stock&quot;:96,&quot;brand&quot;:&quot;Infinix&quot;,&quot;category&quot;:&quot;laptops&quot;,&quot;thumbnail&quot;:&quot;https://cdn.dummyjson.com/product-images/9/thumbnail.jpg&quot;,&quot;images&quot;:[&quot;https://cdn.dummyjson.com/product-images/9/1.jpg&quot;,&quot;https://cdn.dummyjson.com/product-images/9/2.png&quot;,&quot;https://cdn.dummyjson.com/product-images/9/3.png&quot;,&quot;https://cdn.dummyjson.com/product-images/9/4.jpg&quot;,&quot;https://cdn.dummyjson.com/product-images/9/thumbnail.jpg&quot;]},{&quot;id&quot;:10,&quot;title&quot;:&quot;HP Pavilion 15-DK1056WM&quot;,&quot;description&quot;:&quot;HP Pavilion 15-DK1056WM Gaming Laptop 10th Gen Core i5, 8GB, 256GB SSD, GTX 1650 4GB, Windows 10&quot;,&quot;price&quot;:1099,&quot;discountPercentage&quot;:6.18,&quot;rating&quot;:4.43,&quot;stock&quot;:89,&quot;brand&quot;:&quot;HP Pavilion&quot;,&quot;category&quot;:&quot;laptops&quot;,&quot;thumbnail&quot;:&quot;https://cdn.dummyjson.com/product-images/10/thumbnail.jpeg&quot;,&quot;images&quot;:[&quot;https://cdn.dummyjson.com/product-images/10/1.jpg&quot;,&quot;https://cdn.dummyjson.com/product-images/10/2.jpg&quot;,&quot;https://cdn.dummyjson.com/product-images/10/3.jpg&quot;,&quot;https://cdn.dummyjson.com/product-images/10/thumbnail.jpeg&quot;]},{&quot;id&quot;:11,&quot;title&quot;:&quot;perfume Oil&quot;,&quot;description&quot;:&quot;Mega Discount, Impression of Acqua Di Gio by GiorgioArmani concentrated attar perfume Oil&quot;,&quot;price&quot;:13,&quot;discountPercentage&quot;:8.4,&quot;rating&quot;:4.26,&quot;stock&quot;:65,&quot;brand&quot;:&quot;Impression of Acqua Di Gio&quot;,&quot;category&quot;:&quot;fragrances&quot;,&quot;thumbnail&quot;:&quot;https://cdn.dummyjson.com/product-images/11/thumbnail.jpg&quot;,&quot;images&quot;:[&quot;https://cdn.dummyjson.com/product-images/11/1.jpg&quot;,&quot;https://cdn.dummyjson.com/product-images/11/2.jpg&quot;,&quot;https://cdn.dummyjson.com/product-images/11/3.jpg&quot;,&quot;https://cdn.dummyjson.com/product-images/11/thumbnail.jpg&quot;]},{&quot;id&quot;:12,&quot;title&quot;:&quot;Brown Perfume&quot;,&quot;description&quot;:&quot;Royal_Mirage Sport Brown Perfume for Men &amp; Women - 120ml&quot;,&quot;price&quot;:40,&quot;discountPercentage&quot;:15.66,&quot;rating&quot;:4,&quot;stock&quot;:52,&quot;brand&quot;:&quot;Royal_Mirage&quot;,&quot;category&quot;:&quot;fragrances&quot;,&quot;thumbnail&quot;:&quot;https://cdn.dummyjson.com/product-images/12/thumbnail.jpg&quot;,&quot;images&quot;:[&quot;https://cdn.dummyjson.com/product-images/12/1.jpg&quot;,&quot;https://cdn.dummyjson.com/product-images/12/2.jpg&quot;,&quot;https://cdn.dummyjson.com/product-images/12/3.png&quot;,&quot;https://cdn.dummyjson.com/product-images/12/4.jpg&quot;,&quot;https://cdn.dummyjson.com/product-images/12/thumbnail.jpg&quot;]},{&quot;id&quot;:13,&quot;title&quot;:&quot;Fog Scent Xpressio Perfume&quot;,&quot;description&quot;:&quot;Product details of Best Fog Scent Xpressio Perfume 100ml For Men cool long lasting perfumes for Men&quot;,&quot;price&quot;:13,&quot;discountPercentage&quot;:8.14,&quot;rating&quot;:4.59,&quot;stock&quot;:61,&quot;brand&quot;:&quot;Fog Scent Xpressio&quot;,&quot;category&quot;:&quot;fragrances&quot;,&quot;thumbnail&quot;:&quot;https://cdn.dummyjson.com/product-images/13/thumbnail.webp&quot;,&quot;images&quot;:[&quot;https://cdn.dummyjson.com/product-images/13/1.jpg&quot;,&quot;https://cdn.dummyjson.com/product-images/13/2.png&quot;,&quot;https://cdn.dummyjson.com/product-images/13/3.jpg&quot;,&quot;https://cdn.dummyjson.com/product-images/13/4.jpg&quot;,&quot;https://cdn.dummyjson.com/product-images/13/thumbnail.webp&quot;]},{&quot;id&quot;:14,&quot;title&quot;:&quot;Non-Alcoholic Concentrated Perfume Oil&quot;,&quot;description&quot;:&quot;Original Al Munakh® by Mahal Al Musk | Our Impression of Climate | 6ml Non-Alcoholic Concentrated Perfume Oil&quot;,&quot;price&quot;:120,&quot;discountPercentage&quot;:15.6,&quot;rating&quot;:4.21,&quot;stock&quot;:114,&quot;brand&quot;:&quot;Al Munakh&quot;,&quot;category&quot;:&quot;fragrances&quot;,&quot;thumbnail&quot;:&quot;https://cdn.dummyjson.com/product-images/14/thumbnail.jpg&quot;,&quot;images&quot;:[&quot;https://cdn.dummyjson.com/product-images/14/1.jpg&quot;,&quot;https://cdn.dummyjson.com/product-images/14/2.jpg&quot;,&quot;https://cdn.dummyjson.com/product-images/14/3.jpg&quot;,&quot;https://cdn.dummyjson.com/product-images/14/thumbnail.jpg&quot;]},{&quot;id&quot;:15,&quot;title&quot;:&quot;Eau De Perfume Spray&quot;,&quot;description&quot;:&quot;Genuine  Al-Rehab spray perfume from UAE/Saudi Arabia/Yemen High Quality&quot;,&quot;price&quot;:30,&quot;discountPercentage&quot;:10.99,&quot;rating&quot;:4.7,&quot;stock&quot;:105,&quot;brand&quot;:&quot;Lord - Al-Rehab&quot;,&quot;category&quot;:&quot;fragrances&quot;,&quot;thumbnail&quot;:&quot;https://cdn.dummyjson.com/product-images/15/thumbnail.jpg&quot;,&quot;images&quot;:[&quot;https://cdn.dummyjson.com/product-images/15/1.jpg&quot;,&quot;https://cdn.dummyjson.com/product-images/15/2.jpg&quot;,&quot;https://cdn.dummyjson.com/product-images/15/3.jpg&quot;,&quot;https://cdn.dummyjson.com/product-images/15/4.jpg&quot;,&quot;https://cdn.dummyjson.com/product-images/15/thumbnail.jpg&quot;]},{&quot;id&quot;:16,&quot;title&quot;:&quot;Hyaluronic Acid Serum&quot;,&quot;description&quot;:&quot;L&#039;OrÃ©al Paris introduces Hyaluron Expert Replumping Serum formulated with 1.5% Hyaluronic Acid&quot;,&quot;price&quot;:19,&quot;discountPercentage&quot;:13.31,&quot;rating&quot;:4.83,&quot;stock&quot;:110,&quot;brand&quot;:&quot;L&#039;Oreal Paris&quot;,&quot;category&quot;:&quot;skincare&quot;,&quot;thumbnail&quot;:&quot;https://cdn.dummyjson.com/product-images/16/thumbnail.jpg&quot;,&quot;images&quot;:[&quot;https://cdn.dummyjson.com/product-images/16/1.png&quot;,&quot;https://cdn.dummyjson.com/product-images/16/2.webp&quot;,&quot;https://cdn.dummyjson.com/product-images/16/3.jpg&quot;,&quot;https://cdn.dummyjson.com/product-images/16/4.jpg&quot;,&quot;https://cdn.dummyjson.com/product-images/16/thumbnail.jpg&quot;]},{&quot;id&quot;:17,&quot;title&quot;:&quot;Tree Oil 30ml&quot;,&quot;description&quot;:&quot;Tea tree oil contains a number of compounds, including terpinen-4-ol, that have been shown to kill certain bacteria,&quot;,&quot;price&quot;:12,&quot;discountPercentage&quot;:4.09,&quot;rating&quot;:4.52,&quot;stock&quot;:78,&quot;brand&quot;:&quot;Hemani Tea&quot;,&quot;category&quot;:&quot;skincare&quot;,&quot;thumbnail&quot;:&quot;https://cdn.dummyjson.com/product-images/17/thumbnail.jpg&quot;,&quot;images&quot;:[&quot;https://cdn.dummyjson.com/product-images/17/1.jpg&quot;,&quot;https://cdn.dummyjson.com/product-images/17/2.jpg&quot;,&quot;https://cdn.dummyjson.com/product-images/17/3.jpg&quot;,&quot;https://cdn.dummyjson.com/product-images/17/thumbnail.jpg&quot;]},{&quot;id&quot;:18,&quot;title&quot;:&quot;Oil Free Moisturizer 100ml&quot;,&quot;description&quot;:&quot;Dermive Oil Free Moisturizer with SPF 20 is specifically formulated with ceramides, hyaluronic acid &amp; sunscreen.&quot;,&quot;price&quot;:40,&quot;discountPercentage&quot;:13.1,&quot;rating&quot;:4.56,&quot;stock&quot;:88,&quot;brand&quot;:&quot;Dermive&quot;,&quot;category&quot;:&quot;skincare&quot;,&quot;thumbnail&quot;:&quot;https://cdn.dummyjson.com/product-images/18/thumbnail.jpg&quot;,&quot;images&quot;:[&quot;https://cdn.dummyjson.com/product-images/18/1.jpg&quot;,&quot;https://cdn.dummyjson.com/product-images/18/2.jpg&quot;,&quot;https://cdn.dummyjson.com/product-images/18/3.jpg&quot;,&quot;https://cdn.dummyjson.com/product-images/18/4.jpg&quot;,&quot;https://cdn.dummyjson.com/product-images/18/thumbnail.jpg&quot;]},{&quot;id&quot;:19,&quot;title&quot;:&quot;Skin Beauty Serum.&quot;,&quot;description&quot;:&quot;Product name: rorec collagen hyaluronic acid white face serum riceNet weight: 15 m&quot;,&quot;price&quot;:46,&quot;discountPercentage&quot;:10.68,&quot;rating&quot;:4.42,&quot;stock&quot;:54,&quot;brand&quot;:&quot;ROREC White Rice&quot;,&quot;category&quot;:&quot;skincare&quot;,&quot;thumbnail&quot;:&quot;https://cdn.dummyjson.com/product-images/19/thumbnail.jpg&quot;,&quot;images&quot;:[&quot;https://cdn.dummyjson.com/product-images/19/1.jpg&quot;,&quot;https://cdn.dummyjson.com/product-images/19/2.jpg&quot;,&quot;https://cdn.dummyjson.com/product-images/19/3.png&quot;,&quot;https://cdn.dummyjson.com/product-images/19/thumbnail.jpg&quot;]},{&quot;id&quot;:20,&quot;title&quot;:&quot;Freckle Treatment Cream- 15gm&quot;,&quot;description&quot;:&quot;Fair &amp; Clear is Pakistan&#039;s only pure Freckle cream which helpsfade Freckles, Darkspots and pigments. Mercury level is 0%, so there are no side effects.&quot;,&quot;price&quot;:70,&quot;discountPercentage&quot;:16.99,&quot;rating&quot;:4.06,&quot;stock&quot;:140,&quot;brand&quot;:&quot;Fair &amp; Clear&quot;,&quot;category&quot;:&quot;skincare&quot;,&quot;thumbnail&quot;:&quot;https://cdn.dummyjson.com/product-images/20/thumbnail.jpg&quot;,&quot;images&quot;:[&quot;https://cdn.dummyjson.com/product-images/20/1.jpg&quot;,&quot;https://cdn.dummyjson.com/product-images/20/2.jpg&quot;,&quot;https://cdn.dummyjson.com/product-images/20/3.jpg&quot;,&quot;https://cdn.dummyjson.com/product-images/20/4.jpg&quot;,&quot;https://cdn.dummyjson.com/product-images/20/thumbnail.jpg&quot;]},{&quot;id&quot;:21,&quot;title&quot;:&quot;- Daal Masoor 500 grams&quot;,&quot;description&quot;:&quot;Fine quality Branded Product Keep in a cool and dry place&quot;,&quot;price&quot;:20,&quot;discountPercentage&quot;:4.81,&quot;rating&quot;:4.44,&quot;stock&quot;:133,&quot;brand&quot;:&quot;Saaf &amp; Khaas&quot;,&quot;category&quot;:&quot;groceries&quot;,&quot;thumbnail&quot;:&quot;https://cdn.dummyjson.com/product-images/21/thumbnail.png&quot;,&quot;images&quot;:[&quot;https://cdn.dummyjson.com/product-images/21/1.png&quot;,&quot;https://cdn.dummyjson.com/product-images/21/2.jpg&quot;,&quot;https://cdn.dummyjson.com/product-images/21/3.jpg&quot;]},{&quot;id&quot;:22,&quot;title&quot;:&quot;Elbow Macaroni - 400 gm&quot;,&quot;description&quot;:&quot;Product details of Bake Parlor Big Elbow Macaroni - 400 gm&quot;,&quot;price&quot;:14,&quot;discountPercentage&quot;:15.58,&quot;rating&quot;:4.57,&quot;stock&quot;:146,&quot;brand&quot;:&quot;Bake Parlor Big&quot;,&quot;category&quot;:&quot;groceries&quot;,&quot;thumbnail&quot;:&quot;https://cdn.dummyjson.com/product-images/22/thumbnail.jpg&quot;,&quot;images&quot;:[&quot;https://cdn.dummyjson.com/product-images/22/1.jpg&quot;,&quot;https://cdn.dummyjson.com/product-images/22/2.jpg&quot;,&quot;https://cdn.dummyjson.com/product-images/22/3.jpg&quot;]},{&quot;id&quot;:23,&quot;title&quot;:&quot;Orange Essence Food Flavou&quot;,&quot;description&quot;:&quot;Specifications of Orange Essence Food Flavour For Cakes and Baking Food Item&quot;,&quot;price&quot;:14,&quot;discountPercentage&quot;:8.04,&quot;rating&quot;:4.85,&quot;stock&quot;:26,&quot;brand&quot;:&quot;Baking Food Items&quot;,&quot;category&quot;:&quot;groceries&quot;,&quot;thumbnail&quot;:&quot;https://cdn.dummyjson.com/product-images/23/thumbnail.jpg&quot;,&quot;images&quot;:[&quot;https://cdn.dummyjson.com/product-images/23/1.jpg&quot;,&quot;https://cdn.dummyjson.com/product-images/23/2.jpg&quot;,&quot;https://cdn.dummyjson.com/product-images/23/3.jpg&quot;,&quot;https://cdn.dummyjson.com/product-images/23/4.jpg&quot;,&quot;https://cdn.dummyjson.com/product-images/23/thumbnail.jpg&quot;]},{&quot;id&quot;:24,&quot;title&quot;:&quot;cereals muesli fruit nuts&quot;,&quot;description&quot;:&quot;original fauji cereal muesli 250gm box pack original fauji cereals muesli fruit nuts flakes breakfast cereal break fast faujicereals cerels cerel foji fouji&quot;,&quot;price&quot;:46,&quot;discountPercentage&quot;:16.8,&quot;rating&quot;:4.94,&quot;stock&quot;:113,&quot;brand&quot;:&quot;fauji&quot;,&quot;category&quot;:&quot;groceries&quot;,&quot;thumbnail&quot;:&quot;https://cdn.dummyjson.com/product-images/24/thumbnail.jpg&quot;,&quot;images&quot;:[&quot;https://cdn.dummyjson.com/product-images/24/1.jpg&quot;,&quot;https://cdn.dummyjson.com/product-images/24/2.jpg&quot;,&quot;https://cdn.dummyjson.com/product-images/24/3.jpg&quot;,&quot;https://cdn.dummyjson.com/product-images/24/4.jpg&quot;,&quot;https://cdn.dummyjson.com/product-images/24/thumbnail.jpg&quot;]},{&quot;id&quot;:25,&quot;title&quot;:&quot;Gulab Powder 50 Gram&quot;,&quot;description&quot;:&quot;Dry Rose Flower Powder Gulab Powder 50 Gram • Treats Wounds&quot;,&quot;price&quot;:70,&quot;discountPercentage&quot;:13.58,&quot;rating&quot;:4.87,&quot;stock&quot;:47,&quot;brand&quot;:&quot;Dry Rose&quot;,&quot;category&quot;:&quot;groceries&quot;,&quot;thumbnail&quot;:&quot;https://cdn.dummyjson.com/product-images/25/thumbnail.jpg&quot;,&quot;images&quot;:[&quot;https://cdn.dummyjson.com/product-images/25/1.png&quot;,&quot;https://cdn.dummyjson.com/product-images/25/2.jpg&quot;,&quot;https://cdn.dummyjson.com/product-images/25/3.png&quot;,&quot;https://cdn.dummyjson.com/product-images/25/4.jpg&quot;,&quot;https://cdn.dummyjson.com/product-images/25/thumbnail.jpg&quot;]},{&quot;id&quot;:26,&quot;title&quot;:&quot;Plant Hanger For Home&quot;,&quot;description&quot;:&quot;Boho Decor Plant Hanger For Home Wall Decoration Macrame Wall Hanging Shelf&quot;,&quot;price&quot;:41,&quot;discountPercentage&quot;:17.86,&quot;rating&quot;:4.08,&quot;stock&quot;:131,&quot;brand&quot;:&quot;Boho Decor&quot;,&quot;category&quot;:&quot;home-decoration&quot;,&quot;thumbnail&quot;:&quot;https://cdn.dummyjson.com/product-images/26/thumbnail.jpg&quot;,&quot;images&quot;:[&quot;https://cdn.dummyjson.com/product-images/26/1.jpg&quot;,&quot;https://cdn.dummyjson.com/product-images/26/2.jpg&quot;,&quot;https://cdn.dummyjson.com/product-images/26/3.jpg&quot;,&quot;https://cdn.dummyjson.com/product-images/26/4.jpg&quot;,&quot;https://cdn.dummyjson.com/product-images/26/5.jpg&quot;,&quot;https://cdn.dummyjson.com/product-images/26/thumbnail.jpg&quot;]},{&quot;id&quot;:27,&quot;title&quot;:&quot;Flying Wooden Bird&quot;,&quot;description&quot;:&quot;Package Include 6 Birds with Adhesive Tape Shape: 3D Shaped Wooden Birds Material: Wooden MDF, Laminated 3.5mm&quot;,&quot;price&quot;:51,&quot;discountPercentage&quot;:15.58,&quot;rating&quot;:4.41,&quot;stock&quot;:17,&quot;brand&quot;:&quot;Flying Wooden&quot;,&quot;category&quot;:&quot;home-decoration&quot;,&quot;thumbnail&quot;:&quot;https://cdn.dummyjson.com/product-images/27/thumbnail.webp&quot;,&quot;images&quot;:[&quot;https://cdn.dummyjson.com/product-images/27/1.jpg&quot;,&quot;https://cdn.dummyjson.com/product-images/27/2.jpg&quot;,&quot;https://cdn.dummyjson.com/product-images/27/3.jpg&quot;,&quot;https://cdn.dummyjson.com/product-images/27/4.jpg&quot;,&quot;https://cdn.dummyjson.com/product-images/27/thumbnail.webp&quot;]},{&quot;id&quot;:28,&quot;title&quot;:&quot;3D Embellishment Art Lamp&quot;,&quot;description&quot;:&quot;3D led lamp sticker Wall sticker 3d wall art light on/off button  cell operated (included)&quot;,&quot;price&quot;:20,&quot;discountPercentage&quot;:16.49,&quot;rating&quot;:4.82,&quot;stock&quot;:54,&quot;brand&quot;:&quot;LED Lights&quot;,&quot;category&quot;:&quot;home-decoration&quot;,&quot;thumbnail&quot;:&quot;https://cdn.dummyjson.com/product-images/28/thumbnail.jpg&quot;,&quot;images&quot;:[&quot;https://cdn.dummyjson.com/product-images/28/1.jpg&quot;,&quot;https://cdn.dummyjson.com/product-images/28/2.jpg&quot;,&quot;https://cdn.dummyjson.com/product-images/28/3.png&quot;,&quot;https://cdn.dummyjson.com/product-images/28/4.jpg&quot;,&quot;https://cdn.dummyjson.com/product-images/28/thumbnail.jpg&quot;]},{&quot;id&quot;:29,&quot;title&quot;:&quot;Handcraft Chinese style&quot;,&quot;description&quot;:&quot;Handcraft Chinese style art luxury palace hotel villa mansion home decor ceramic vase with brass fruit plate&quot;,&quot;price&quot;:60,&quot;discountPercentage&quot;:15.34,&quot;rating&quot;:4.44,&quot;stock&quot;:7,&quot;brand&quot;:&quot;luxury palace&quot;,&quot;category&quot;:&quot;home-decoration&quot;,&quot;thumbnail&quot;:&quot;https://cdn.dummyjson.com/product-images/29/thumbnail.webp&quot;,&quot;images&quot;:[&quot;https://cdn.dummyjson.com/product-images/29/1.jpg&quot;,&quot;https://cdn.dummyjson.com/product-images/29/2.jpg&quot;,&quot;https://cdn.dummyjson.com/product-images/29/3.webp&quot;,&quot;https://cdn.dummyjson.com/product-images/29/4.webp&quot;,&quot;https://cdn.dummyjson.com/product-images/29/thumbnail.webp&quot;]},{&quot;id&quot;:30,&quot;title&quot;:&quot;Key Holder&quot;,&quot;description&quot;:&quot;Attractive DesignMetallic materialFour key hooksReliable &amp; DurablePremium Quality&quot;,&quot;price&quot;:30,&quot;discountPercentage&quot;:2.92,&quot;rating&quot;:4.92,&quot;stock&quot;:54,&quot;brand&quot;:&quot;Golden&quot;,&quot;category&quot;:&quot;home-decoration&quot;,&quot;thumbnail&quot;:&quot;https://cdn.dummyjson.com/product-images/30/thumbnail.jpg&quot;,&quot;images&quot;:[&quot;https://cdn.dummyjson.com/product-images/30/1.jpg&quot;,&quot;https://cdn.dummyjson.com/product-images/30/2.jpg&quot;,&quot;https://cdn.dummyjson.com/product-images/30/3.jpg&quot;,&quot;https://cdn.dummyjson.com/product-images/30/thumbnail.jpg&quot;]}],&quot;total&quot;:100,&quot;skip&quot;:0,&quot;limit&quot;:30}
" type="java.lang.AssertionError">
      <![CDATA[java.lang.AssertionError: 1 expectation failed.
Response body doesn't match expectation.
Expected: The content to match the given JSON schema.
error: instance type (string) does not match any allowed primitive type (allowed: ["integer"])
    level: "error"
    schema: {"loadingURI":"file:/D:/RestAPI/target/test-classes/product.json#","pointer":"/properties/products/items/29/properties/images/items/3"}
    instance: {"pointer":"/products/29/images/3"}
    domain: "validation"
    keyword: "type"
    found: "string"
    expected: ["integer"]

  Actual: {"products":[{"id":1,"title":"iPhone 9","description":"An apple mobile which is nothing like apple","price":549,"discountPercentage":12.96,"rating":4.69,"stock":94,"brand":"Apple","category":"smartphones","thumbnail":"https://cdn.dummyjson.com/product-images/1/thumbnail.jpg","images":["https://cdn.dummyjson.com/product-images/1/1.jpg","https://cdn.dummyjson.com/product-images/1/2.jpg","https://cdn.dummyjson.com/product-images/1/3.jpg","https://cdn.dummyjson.com/product-images/1/4.jpg","https://cdn.dummyjson.com/product-images/1/thumbnail.jpg"]},{"id":2,"title":"iPhone X","description":"SIM-Free, Model A19211 6.5-inch Super Retina HD display with OLED technology A12 Bionic chip with ...","price":899,"discountPercentage":17.94,"rating":4.44,"stock":34,"brand":"Apple","category":"smartphones","thumbnail":"https://cdn.dummyjson.com/product-images/2/thumbnail.jpg","images":["https://cdn.dummyjson.com/product-images/2/1.jpg","https://cdn.dummyjson.com/product-images/2/2.jpg","https://cdn.dummyjson.com/product-images/2/3.jpg","https://cdn.dummyjson.com/product-images/2/thumbnail.jpg"]},{"id":3,"title":"Samsung Universe 9","description":"Samsung's new variant which goes beyond Galaxy to the Universe","price":1249,"discountPercentage":15.46,"rating":4.09,"stock":36,"brand":"Samsung","category":"smartphones","thumbnail":"https://cdn.dummyjson.com/product-images/3/thumbnail.jpg","images":["https://cdn.dummyjson.com/product-images/3/1.jpg"]},{"id":4,"title":"OPPOF19","description":"OPPO F19 is officially announced on April 2021.","price":280,"discountPercentage":17.91,"rating":4.3,"stock":123,"brand":"OPPO","category":"smartphones","thumbnail":"https://cdn.dummyjson.com/product-images/4/thumbnail.jpg","images":["https://cdn.dummyjson.com/product-images/4/1.jpg","https://cdn.dummyjson.com/product-images/4/2.jpg","https://cdn.dummyjson.com/product-images/4/3.jpg","https://cdn.dummyjson.com/product-images/4/4.jpg","https://cdn.dummyjson.com/product-images/4/thumbnail.jpg"]},{"id":5,"title":"Huawei P30","description":"Huawei’s re-badged P30 Pro New Edition was officially unveiled yesterday in Germany and now the device has made its way to the UK.","price":499,"discountPercentage":10.58,"rating":4.09,"stock":32,"brand":"Huawei","category":"smartphones","thumbnail":"https://cdn.dummyjson.com/product-images/5/thumbnail.jpg","images":["https://cdn.dummyjson.com/product-images/5/1.jpg","https://cdn.dummyjson.com/product-images/5/2.jpg","https://cdn.dummyjson.com/product-images/5/3.jpg"]},{"id":6,"title":"MacBook Pro","description":"MacBook Pro 2021 with mini-LED display may launch between September, November","price":1749,"discountPercentage":11.02,"rating":4.57,"stock":83,"brand":"Apple","category":"laptops","thumbnail":"https://cdn.dummyjson.com/product-images/6/thumbnail.png","images":["https://cdn.dummyjson.com/product-images/6/1.png","https://cdn.dummyjson.com/product-images/6/2.jpg","https://cdn.dummyjson.com/product-images/6/3.png","https://cdn.dummyjson.com/product-images/6/4.jpg"]},{"id":7,"title":"Samsung Galaxy Book","description":"Samsung Galaxy Book S (2020) Laptop With Intel Lakefield Chip, 8GB of RAM Launched","price":1499,"discountPercentage":4.15,"rating":4.25,"stock":50,"brand":"Samsung","category":"laptops","thumbnail":"https://cdn.dummyjson.com/product-images/7/thumbnail.jpg","images":["https://cdn.dummyjson.com/product-images/7/1.jpg","https://cdn.dummyjson.com/product-images/7/2.jpg","https://cdn.dummyjson.com/product-images/7/3.jpg","https://cdn.dummyjson.com/product-images/7/thumbnail.jpg"]},{"id":8,"title":"Microsoft Surface Laptop 4","description":"Style and speed. Stand out on HD video calls backed by Studio Mics. Capture ideas on the vibrant touchscreen.","price":1499,"discountPercentage":10.23,"rating":4.43,"stock":68,"brand":"Microsoft Surface","category":"laptops","thumbnail":"https://cdn.dummyjson.com/product-images/8/thumbnail.jpg","images":["https://cdn.dummyjson.com/product-images/8/1.jpg","https://cdn.dummyjson.com/product-images/8/2.jpg","https://cdn.dummyjson.com/product-images/8/3.jpg","https://cdn.dummyjson.com/product-images/8/4.jpg","https://cdn.dummyjson.com/product-images/8/thumbnail.jpg"]},{"id":9,"title":"Infinix INBOOK","description":"Infinix Inbook X1 Ci3 10th 8GB 256GB 14 Win10 Grey – 1 Year Warranty","price":1099,"discountPercentage":11.83,"rating":4.54,"stock":96,"brand":"Infinix","category":"laptops","thumbnail":"https://cdn.dummyjson.com/product-images/9/thumbnail.jpg","images":["https://cdn.dummyjson.com/product-images/9/1.jpg","https://cdn.dummyjson.com/product-images/9/2.png","https://cdn.dummyjson.com/product-images/9/3.png","https://cdn.dummyjson.com/product-images/9/4.jpg","https://cdn.dummyjson.com/product-images/9/thumbnail.jpg"]},{"id":10,"title":"HP Pavilion 15-DK1056WM","description":"HP Pavilion 15-DK1056WM Gaming Laptop 10th Gen Core i5, 8GB, 256GB SSD, GTX 1650 4GB, Windows 10","price":1099,"discountPercentage":6.18,"rating":4.43,"stock":89,"brand":"HP Pavilion","category":"laptops","thumbnail":"https://cdn.dummyjson.com/product-images/10/thumbnail.jpeg","images":["https://cdn.dummyjson.com/product-images/10/1.jpg","https://cdn.dummyjson.com/product-images/10/2.jpg","https://cdn.dummyjson.com/product-images/10/3.jpg","https://cdn.dummyjson.com/product-images/10/thumbnail.jpeg"]},{"id":11,"title":"perfume Oil","description":"Mega Discount, Impression of Acqua Di Gio by GiorgioArmani concentrated attar perfume Oil","price":13,"discountPercentage":8.4,"rating":4.26,"stock":65,"brand":"Impression of Acqua Di Gio","category":"fragrances","thumbnail":"https://cdn.dummyjson.com/product-images/11/thumbnail.jpg","images":["https://cdn.dummyjson.com/product-images/11/1.jpg","https://cdn.dummyjson.com/product-images/11/2.jpg","https://cdn.dummyjson.com/product-images/11/3.jpg","https://cdn.dummyjson.com/product-images/11/thumbnail.jpg"]},{"id":12,"title":"Brown Perfume","description":"Royal_Mirage Sport Brown Perfume for Men & Women - 120ml","price":40,"discountPercentage":15.66,"rating":4,"stock":52,"brand":"Royal_Mirage","category":"fragrances","thumbnail":"https://cdn.dummyjson.com/product-images/12/thumbnail.jpg","images":["https://cdn.dummyjson.com/product-images/12/1.jpg","https://cdn.dummyjson.com/product-images/12/2.jpg","https://cdn.dummyjson.com/product-images/12/3.png","https://cdn.dummyjson.com/product-images/12/4.jpg","https://cdn.dummyjson.com/product-images/12/thumbnail.jpg"]},{"id":13,"title":"Fog Scent Xpressio Perfume","description":"Product details of Best Fog Scent Xpressio Perfume 100ml For Men cool long lasting perfumes for Men","price":13,"discountPercentage":8.14,"rating":4.59,"stock":61,"brand":"Fog Scent Xpressio","category":"fragrances","thumbnail":"https://cdn.dummyjson.com/product-images/13/thumbnail.webp","images":["https://cdn.dummyjson.com/product-images/13/1.jpg","https://cdn.dummyjson.com/product-images/13/2.png","https://cdn.dummyjson.com/product-images/13/3.jpg","https://cdn.dummyjson.com/product-images/13/4.jpg","https://cdn.dummyjson.com/product-images/13/thumbnail.webp"]},{"id":14,"title":"Non-Alcoholic Concentrated Perfume Oil","description":"Original Al Munakh® by Mahal Al Musk | Our Impression of Climate | 6ml Non-Alcoholic Concentrated Perfume Oil","price":120,"discountPercentage":15.6,"rating":4.21,"stock":114,"brand":"Al Munakh","category":"fragrances","thumbnail":"https://cdn.dummyjson.com/product-images/14/thumbnail.jpg","images":["https://cdn.dummyjson.com/product-images/14/1.jpg","https://cdn.dummyjson.com/product-images/14/2.jpg","https://cdn.dummyjson.com/product-images/14/3.jpg","https://cdn.dummyjson.com/product-images/14/thumbnail.jpg"]},{"id":15,"title":"Eau De Perfume Spray","description":"Genuine  Al-Rehab spray perfume from UAE/Saudi Arabia/Yemen High Quality","price":30,"discountPercentage":10.99,"rating":4.7,"stock":105,"brand":"Lord - Al-Rehab","category":"fragrances","thumbnail":"https://cdn.dummyjson.com/product-images/15/thumbnail.jpg","images":["https://cdn.dummyjson.com/product-images/15/1.jpg","https://cdn.dummyjson.com/product-images/15/2.jpg","https://cdn.dummyjson.com/product-images/15/3.jpg","https://cdn.dummyjson.com/product-images/15/4.jpg","https://cdn.dummyjson.com/product-images/15/thumbnail.jpg"]},{"id":16,"title":"Hyaluronic Acid Serum","description":"L'OrÃ©al Paris introduces Hyaluron Expert Replumping Serum formulated with 1.5% Hyaluronic Acid","price":19,"discountPercentage":13.31,"rating":4.83,"stock":110,"brand":"L'Oreal Paris","category":"skincare","thumbnail":"https://cdn.dummyjson.com/product-images/16/thumbnail.jpg","images":["https://cdn.dummyjson.com/product-images/16/1.png","https://cdn.dummyjson.com/product-images/16/2.webp","https://cdn.dummyjson.com/product-images/16/3.jpg","https://cdn.dummyjson.com/product-images/16/4.jpg","https://cdn.dummyjson.com/product-images/16/thumbnail.jpg"]},{"id":17,"title":"Tree Oil 30ml","description":"Tea tree oil contains a number of compounds, including terpinen-4-ol, that have been shown to kill certain bacteria,","price":12,"discountPercentage":4.09,"rating":4.52,"stock":78,"brand":"Hemani Tea","category":"skincare","thumbnail":"https://cdn.dummyjson.com/product-images/17/thumbnail.jpg","images":["https://cdn.dummyjson.com/product-images/17/1.jpg","https://cdn.dummyjson.com/product-images/17/2.jpg","https://cdn.dummyjson.com/product-images/17/3.jpg","https://cdn.dummyjson.com/product-images/17/thumbnail.jpg"]},{"id":18,"title":"Oil Free Moisturizer 100ml","description":"Dermive Oil Free Moisturizer with SPF 20 is specifically formulated with ceramides, hyaluronic acid & sunscreen.","price":40,"discountPercentage":13.1,"rating":4.56,"stock":88,"brand":"Dermive","category":"skincare","thumbnail":"https://cdn.dummyjson.com/product-images/18/thumbnail.jpg","images":["https://cdn.dummyjson.com/product-images/18/1.jpg","https://cdn.dummyjson.com/product-images/18/2.jpg","https://cdn.dummyjson.com/product-images/18/3.jpg","https://cdn.dummyjson.com/product-images/18/4.jpg","https://cdn.dummyjson.com/product-images/18/thumbnail.jpg"]},{"id":19,"title":"Skin Beauty Serum.","description":"Product name: rorec collagen hyaluronic acid white face serum riceNet weight: 15 m","price":46,"discountPercentage":10.68,"rating":4.42,"stock":54,"brand":"ROREC White Rice","category":"skincare","thumbnail":"https://cdn.dummyjson.com/product-images/19/thumbnail.jpg","images":["https://cdn.dummyjson.com/product-images/19/1.jpg","https://cdn.dummyjson.com/product-images/19/2.jpg","https://cdn.dummyjson.com/product-images/19/3.png","https://cdn.dummyjson.com/product-images/19/thumbnail.jpg"]},{"id":20,"title":"Freckle Treatment Cream- 15gm","description":"Fair & Clear is Pakistan's only pure Freckle cream which helpsfade Freckles, Darkspots and pigments. Mercury level is 0%, so there are no side effects.","price":70,"discountPercentage":16.99,"rating":4.06,"stock":140,"brand":"Fair & Clear","category":"skincare","thumbnail":"https://cdn.dummyjson.com/product-images/20/thumbnail.jpg","images":["https://cdn.dummyjson.com/product-images/20/1.jpg","https://cdn.dummyjson.com/product-images/20/2.jpg","https://cdn.dummyjson.com/product-images/20/3.jpg","https://cdn.dummyjson.com/product-images/20/4.jpg","https://cdn.dummyjson.com/product-images/20/thumbnail.jpg"]},{"id":21,"title":"- Daal Masoor 500 grams","description":"Fine quality Branded Product Keep in a cool and dry place","price":20,"discountPercentage":4.81,"rating":4.44,"stock":133,"brand":"Saaf & Khaas","category":"groceries","thumbnail":"https://cdn.dummyjson.com/product-images/21/thumbnail.png","images":["https://cdn.dummyjson.com/product-images/21/1.png","https://cdn.dummyjson.com/product-images/21/2.jpg","https://cdn.dummyjson.com/product-images/21/3.jpg"]},{"id":22,"title":"Elbow Macaroni - 400 gm","description":"Product details of Bake Parlor Big Elbow Macaroni - 400 gm","price":14,"discountPercentage":15.58,"rating":4.57,"stock":146,"brand":"Bake Parlor Big","category":"groceries","thumbnail":"https://cdn.dummyjson.com/product-images/22/thumbnail.jpg","images":["https://cdn.dummyjson.com/product-images/22/1.jpg","https://cdn.dummyjson.com/product-images/22/2.jpg","https://cdn.dummyjson.com/product-images/22/3.jpg"]},{"id":23,"title":"Orange Essence Food Flavou","description":"Specifications of Orange Essence Food Flavour For Cakes and Baking Food Item","price":14,"discountPercentage":8.04,"rating":4.85,"stock":26,"brand":"Baking Food Items","category":"groceries","thumbnail":"https://cdn.dummyjson.com/product-images/23/thumbnail.jpg","images":["https://cdn.dummyjson.com/product-images/23/1.jpg","https://cdn.dummyjson.com/product-images/23/2.jpg","https://cdn.dummyjson.com/product-images/23/3.jpg","https://cdn.dummyjson.com/product-images/23/4.jpg","https://cdn.dummyjson.com/product-images/23/thumbnail.jpg"]},{"id":24,"title":"cereals muesli fruit nuts","description":"original fauji cereal muesli 250gm box pack original fauji cereals muesli fruit nuts flakes breakfast cereal break fast faujicereals cerels cerel foji fouji","price":46,"discountPercentage":16.8,"rating":4.94,"stock":113,"brand":"fauji","category":"groceries","thumbnail":"https://cdn.dummyjson.com/product-images/24/thumbnail.jpg","images":["https://cdn.dummyjson.com/product-images/24/1.jpg","https://cdn.dummyjson.com/product-images/24/2.jpg","https://cdn.dummyjson.com/product-images/24/3.jpg","https://cdn.dummyjson.com/product-images/24/4.jpg","https://cdn.dummyjson.com/product-images/24/thumbnail.jpg"]},{"id":25,"title":"Gulab Powder 50 Gram","description":"Dry Rose Flower Powder Gulab Powder 50 Gram • Treats Wounds","price":70,"discountPercentage":13.58,"rating":4.87,"stock":47,"brand":"Dry Rose","category":"groceries","thumbnail":"https://cdn.dummyjson.com/product-images/25/thumbnail.jpg","images":["https://cdn.dummyjson.com/product-images/25/1.png","https://cdn.dummyjson.com/product-images/25/2.jpg","https://cdn.dummyjson.com/product-images/25/3.png","https://cdn.dummyjson.com/product-images/25/4.jpg","https://cdn.dummyjson.com/product-images/25/thumbnail.jpg"]},{"id":26,"title":"Plant Hanger For Home","description":"Boho Decor Plant Hanger For Home Wall Decoration Macrame Wall Hanging Shelf","price":41,"discountPercentage":17.86,"rating":4.08,"stock":131,"brand":"Boho Decor","category":"home-decoration","thumbnail":"https://cdn.dummyjson.com/product-images/26/thumbnail.jpg","images":["https://cdn.dummyjson.com/product-images/26/1.jpg","https://cdn.dummyjson.com/product-images/26/2.jpg","https://cdn.dummyjson.com/product-images/26/3.jpg","https://cdn.dummyjson.com/product-images/26/4.jpg","https://cdn.dummyjson.com/product-images/26/5.jpg","https://cdn.dummyjson.com/product-images/26/thumbnail.jpg"]},{"id":27,"title":"Flying Wooden Bird","description":"Package Include 6 Birds with Adhesive Tape Shape: 3D Shaped Wooden Birds Material: Wooden MDF, Laminated 3.5mm","price":51,"discountPercentage":15.58,"rating":4.41,"stock":17,"brand":"Flying Wooden","category":"home-decoration","thumbnail":"https://cdn.dummyjson.com/product-images/27/thumbnail.webp","images":["https://cdn.dummyjson.com/product-images/27/1.jpg","https://cdn.dummyjson.com/product-images/27/2.jpg","https://cdn.dummyjson.com/product-images/27/3.jpg","https://cdn.dummyjson.com/product-images/27/4.jpg","https://cdn.dummyjson.com/product-images/27/thumbnail.webp"]},{"id":28,"title":"3D Embellishment Art Lamp","description":"3D led lamp sticker Wall sticker 3d wall art light on/off button  cell operated (included)","price":20,"discountPercentage":16.49,"rating":4.82,"stock":54,"brand":"LED Lights","category":"home-decoration","thumbnail":"https://cdn.dummyjson.com/product-images/28/thumbnail.jpg","images":["https://cdn.dummyjson.com/product-images/28/1.jpg","https://cdn.dummyjson.com/product-images/28/2.jpg","https://cdn.dummyjson.com/product-images/28/3.png","https://cdn.dummyjson.com/product-images/28/4.jpg","https://cdn.dummyjson.com/product-images/28/thumbnail.jpg"]},{"id":29,"title":"Handcraft Chinese style","description":"Handcraft Chinese style art luxury palace hotel villa mansion home decor ceramic vase with brass fruit plate","price":60,"discountPercentage":15.34,"rating":4.44,"stock":7,"brand":"luxury palace","category":"home-decoration","thumbnail":"https://cdn.dummyjson.com/product-images/29/thumbnail.webp","images":["https://cdn.dummyjson.com/product-images/29/1.jpg","https://cdn.dummyjson.com/product-images/29/2.jpg","https://cdn.dummyjson.com/product-images/29/3.webp","https://cdn.dummyjson.com/product-images/29/4.webp","https://cdn.dummyjson.com/product-images/29/thumbnail.webp"]},{"id":30,"title":"Key Holder","description":"Attractive DesignMetallic materialFour key hooksReliable & DurablePremium Quality","price":30,"discountPercentage":2.92,"rating":4.92,"stock":54,"brand":"Golden","category":"home-decoration","thumbnail":"https://cdn.dummyjson.com/product-images/30/thumbnail.jpg","images":["https://cdn.dummyjson.com/product-images/30/1.jpg","https://cdn.dummyjson.com/product-images/30/2.jpg","https://cdn.dummyjson.com/product-images/30/3.jpg","https://cdn.dummyjson.com/product-images/30/thumbnail.jpg"]}],"total":100,"skip":0,"limit":30}

at java.base/jdk.internal.reflect.NativeConstructorAccessorImpl.newInstance0(Native Method)
at java.base/jdk.internal.reflect.NativeConstructorAccessorImpl.newInstance(NativeConstructorAccessorImpl.java:77)
at java.base/jdk.internal.reflect.DelegatingConstructorAccessorImpl.newInstance(DelegatingConstructorAccessorImpl.java:45)
at java.base/java.lang.reflect.Constructor.newInstanceWithCaller(Constructor.java:499)
at java.base/java.lang.reflect.Constructor.newInstance(Constructor.java:480)
at org.codehaus.groovy.reflection.CachedConstructor.invoke(CachedConstructor.java:73)
at org.codehaus.groovy.runtime.callsite.ConstructorSite$ConstructorSiteNoUnwrapNoCoerce.callConstructor(ConstructorSite.java:108)
at org.codehaus.groovy.runtime.callsite.CallSiteArray.defaultCallConstructor(CallSiteArray.java:57)
at org.codehaus.groovy.runtime.callsite.AbstractCallSite.callConstructor(AbstractCallSite.java:263)
at org.codehaus.groovy.runtime.callsite.AbstractCallSite.callConstructor(AbstractCallSite.java:277)
at io.restassured.internal.ResponseSpecificationImpl$HamcrestAssertionClosure.validate(ResponseSpecificationImpl.groovy:512)
at io.restassured.internal.ResponseSpecificationImpl$HamcrestAssertionClosure$validate$1.call(Unknown Source)
at org.codehaus.groovy.runtime.callsite.CallSiteArray.defaultCall(CallSiteArray.java:45)
at org.codehaus.groovy.runtime.callsite.AbstractCallSite.call(AbstractCallSite.java:125)
at org.codehaus.groovy.runtime.callsite.AbstractCallSite.call(AbstractCallSite.java:139)
at io.restassured.internal.ResponseSpecificationImpl.validateResponseIfRequired(ResponseSpecificationImpl.groovy:696)
at io.restassured.internal.ResponseSpecificationImpl.this$2$validateResponseIfRequired(ResponseSpecificationImpl.groovy)
at java.base/jdk.internal.reflect.NativeMethodAccessorImpl.invoke0(Native Method)
at java.base/jdk.internal.reflect.NativeMethodAccessorImpl.invoke(NativeMethodAccessorImpl.java:77)
at java.base/jdk.internal.reflect.DelegatingMethodAccessorImpl.invoke(DelegatingMethodAccessorImpl.java:43)
at java.base/java.lang.reflect.Method.invoke(Method.java:568)
at org.codehaus.groovy.runtime.callsite.PlainObjectMetaMethodSite.doInvoke(PlainObjectMetaMethodSite.java:43)
at org.codehaus.groovy.runtime.callsite.PogoMetaMethodSite$PogoCachedMethodSiteNoUnwrapNoCoerce.invoke(PogoMetaMethodSite.java:198)
at org.codehaus.groovy.runtime.callsite.PogoMetaMethodSite.callCurrent(PogoMetaMethodSite.java:62)
at org.codehaus.groovy.runtime.callsite.CallSiteArray.defaultCallCurrent(CallSiteArray.java:49)
at org.codehaus.groovy.runtime.callsite.AbstractCallSite.callCurrent(AbstractCallSite.java:171)
at org.codehaus.groovy.runtime.callsite.AbstractCallSite.callCurrent(AbstractCallSite.java:185)
at io.restassured.internal.ResponseSpecificationImpl.body(ResponseSpecificationImpl.groovy:107)
at io.restassured.internal.ValidatableResponseOptionsImpl.body(ValidatableResponseOptionsImpl.java:238)
at day6.Schema_Validation.jsonschemavalidation(Schema_Validation.java:21)
at java.base/jdk.internal.reflect.NativeMethodAccessorImpl.invoke0(Native Method)
at java.base/jdk.internal.reflect.NativeMethodAccessorImpl.invoke(NativeMethodAccessorImpl.java:77)
at java.base/jdk.internal.reflect.DelegatingMethodAccessorImpl.invoke(DelegatingMethodAccessorImpl.java:43)
at java.base/java.lang.reflect.Method.invoke(Method.java:568)
at org.testng.internal.MethodInvocationHelper.invokeMethod(MethodInvocationHelper.java:133)
at org.testng.internal.TestInvoker.invokeMethod(TestInvoker.java:598)
at org.testng.internal.TestInvoker.invokeTestMethod(TestInvoker.java:173)
at org.testng.internal.MethodRunner.runInSequence(MethodRunner.java:46)
at org.testng.internal.TestInvoker$MethodInvocationAgent.invoke(TestInvoker.java:824)
at org.testng.internal.TestInvoker.invokeTestMethods(TestInvoker.java:146)
at org.testng.internal.TestMethodWorker.invokeTestMethods(TestMethodWorker.java:146)
at org.testng.internal.TestMethodWorker.run(TestMethodWorker.java:128)
at java.base/java.util.ArrayList.forEach(ArrayList.java:1511)
at org.testng.TestRunner.privateRun(TestRunner.java:794)
at org.testng.TestRunner.run(TestRunner.java:596)
at org.testng.SuiteRunner.runTest(SuiteRunner.java:377)
at org.testng.SuiteRunner.runSequentially(SuiteRunner.java:371)
at org.testng.SuiteRunner.privateRun(SuiteRunner.java:332)
at org.testng.SuiteRunner.run(SuiteRunner.java:276)
at org.testng.SuiteRunnerWorker.runSuite(SuiteRunnerWorker.java:53)
at org.testng.SuiteRunnerWorker.run(SuiteRunnerWorker.java:96)
at org.testng.TestNG.runSuitesSequentially(TestNG.java:1212)
at org.testng.TestNG.runSuitesLocally(TestNG.java:1134)
at org.testng.TestNG.runSuites(TestNG.java:1063)
at org.testng.TestNG.run(TestNG.java:1031)
at org.testng.remote.AbstractRemoteTestNG.run(AbstractRemoteTestNG.java:115)
at org.testng.remote.RemoteTestNG.initAndRun(RemoteTestNG.java:251)
at org.testng.remote.RemoteTestNG.main(RemoteTestNG.java:77)
]]>
    </failure>
  </testcase> <!-- jsonschemavalidation -->
  <system-out/>
</testsuite> <!-- day6.Schema_Validation -->
