<?xml version="1.0" encoding="UTF-8"?>
<!-- Generated by org.testng.reporters.JUnitReportReporter -->
<testsuite hostname="pravallika" failures="0" tests="1" name="day5.File_upload" time="3.943" errors="0" timestamp="2024-03-20T14:59:30 IST" skipped="0">
  <testcase classname="day5.File_upload" name="singlefileupload" time="3.943"/>
  <system-out/>
</testsuite> <!-- day5.File_upload -->
