<?xml version="1.0" encoding="UTF-8"?>
<!-- Generated by org.testng.reporters.JUnitReportReporter -->
<testsuite hostname="pravallika" failures="0" tests="1" name="nopcommerce.Each_pageclicking" time="9.912" errors="0" timestamp="2024-04-06T15:33:21 IST" skipped="0">
  <testcase classname="nopcommerce.Each_pageclicking" name="clicks" time="9.912"/>
  <system-out/>
</testsuite> <!-- nopcommerce.Each_pageclicking -->
