<?xml version="1.0" encoding="UTF-8"?>
<!-- Generated by org.testng.reporters.JUnitReportReporter -->
<testsuite hostname="pravallika" failures="0" tests="4" name="api.test.UserTest" time="8.648" errors="0" timestamp="2024-03-26T15:49:32 IST" skipped="0">
  <testcase classname="api.test.UserTest" name="testpostuser" time="3.345"/>
  <system-out/>
  <testcase classname="api.test.UserTest" name="testgetuser" time="1.743"/>
  <system-out/>
  <testcase classname="api.test.UserTest" name="testupdateuser" time="1.331"/>
  <system-out/>
  <testcase classname="api.test.UserTest" name="testdeleteuser" time="2.229"/>
  <system-out/>
</testsuite> <!-- api.test.UserTest -->
