<?xml version="1.0" encoding="UTF-8"?>
<!-- Generated by org.testng.reporters.JUnitReportReporter -->
<testsuite hostname="pravallika" failures="0" tests="14" name="api.test.Data_Driven_Test" time="18.338" errors="0" timestamp="2024-03-26T12:42:36 IST" skipped="0">
  <testcase classname="api.test.Data_Driven_Test" name="test_post_user" time="1.139"/>
  <system-out/>
  <testcase classname="api.test.Data_Driven_Test" name="test_post_user" time="1.220"/>
  <system-out/>
  <testcase classname="api.test.Data_Driven_Test" name="test_post_user" time="1.206"/>
  <system-out/>
  <testcase classname="api.test.Data_Driven_Test" name="test_post_user" time="1.291"/>
  <system-out/>
  <testcase classname="api.test.Data_Driven_Test" name="test_post_user" time="1.107"/>
  <system-out/>
  <testcase classname="api.test.Data_Driven_Test" name="test_post_user" time="2.653"/>
  <system-out/>
  <testcase classname="api.test.Data_Driven_Test" name="test_post_user" time="1.177"/>
  <system-out/>
  <testcase classname="api.test.Data_Driven_Test" name="test_delete_userbynames" time="1.118"/>
  <system-out/>
  <testcase classname="api.test.Data_Driven_Test" name="test_delete_userbynames" time="1.291"/>
  <system-out/>
  <testcase classname="api.test.Data_Driven_Test" name="test_delete_userbynames" time="1.175"/>
  <system-out/>
  <testcase classname="api.test.Data_Driven_Test" name="test_delete_userbynames" time="1.240"/>
  <system-out/>
  <testcase classname="api.test.Data_Driven_Test" name="test_delete_userbynames" time="1.268"/>
  <system-out/>
  <testcase classname="api.test.Data_Driven_Test" name="test_delete_userbynames" time="1.229"/>
  <system-out/>
  <testcase classname="api.test.Data_Driven_Test" name="test_delete_userbynames" time="1.224"/>
  <system-out/>
</testsuite> <!-- api.test.Data_Driven_Test -->
