<?xml version="1.0" encoding="UTF-8"?>
<!-- Generated by org.testng.reporters.JUnitReportReporter -->
<testsuite hostname="pravallika" failures="0" tests="2" name="testng.TestNG4" time="0.022" errors="0" timestamp="2023-05-02T18:12:15 IST" skipped="0">
  <testcase classname="testng.TestNG4" name="tc008" time="0.008"/>
  <system-out/>
  <testcase classname="testng.TestNG4" name="tc007" time="0.014"/>
  <system-out/>
</testsuite> <!-- testng.TestNG4 -->
