<?xml version="1.0" encoding="UTF-8"?>
<!-- Generated by org.testng.reporters.JUnitReportReporter -->
<testsuite hostname="pravallika" failures="0" tests="1" name="myntra.Homepage" time="2.910" errors="0" timestamp="2024-05-23T15:36:41 IST" skipped="0">
  <testcase classname="myntra.Homepage" name="screenshot" time="2.910"/>
  <system-out/>
</testsuite> <!-- myntra.Homepage -->
