<?xml version="1.0" encoding="UTF-8"?>
<!-- Generated by org.testng.reporters.JUnitReportReporter -->
<testsuite hostname="pravallika" failures="0" tests="2" name="testng.TestNG1" time="0.006" errors="0" timestamp="2024-02-08T17:21:58 IST" skipped="0">
  <testcase classname="testng.TestNG1" name="tc001" time="0.005"/>
  <system-out/>
  <testcase classname="testng.TestNG1" name="tc002" time="0.001"/>
  <system-out/>
</testsuite> <!-- testng.TestNG1 -->
