<?xml version="1.0" encoding="UTF-8"?>
<!-- Generated by org.testng.reporters.JUnitReportReporter -->
<testsuite hostname="pravallika" failures="0" tests="2" name="testng.TestNG2" time="0.023" errors="0" timestamp="2023-05-02T18:12:15 IST" skipped="0">
  <testcase classname="testng.TestNG2" name="tc004" time="0.018"/>
  <system-out/>
  <testcase classname="testng.TestNG2" name="tc003" time="0.005"/>
  <system-out/>
</testsuite> <!-- testng.TestNG2 -->
