<?xml version="1.0" encoding="UTF-8"?>
<!-- Generated by org.testng.reporters.JUnitReportReporter -->
<testsuite hostname="pravallika" failures="0" tests="2" name="testng.TestNG3" time="0.016" errors="0" timestamp="2023-05-02T18:12:15 IST" skipped="0">
  <testcase classname="testng.TestNG3" name="tc005" time="0.007"/>
  <system-out/>
  <testcase classname="testng.TestNG3" name="tc006" time="0.009"/>
  <system-out/>
</testsuite> <!-- testng.TestNG3 -->
